\BOOKMARK [0][-]{chapter*.2}{\376\377\133\374\212\000}{}% 1
\BOOKMARK [-1][-]{part.1}{\376\377\116\000\000\040\162\151\164\006}{}% 2
\BOOKMARK [0][-]{chapter.1}{\376\377\0001\000\040\155\101\117\123\000/\137\025\122\233\133\371\120\166}{part.1}% 3
\BOOKMARK [0][-]{chapter.2}{\376\377\0002\000\040\221\317\133\120\176\240\177\040\116\016\145\143\134\004\143\057\136\105}{part.1}% 4
\BOOKMARK [0][-]{chapter.3}{\376\377\0003\000\040\236\321\155\036}{part.1}% 5
\BOOKMARK [0][-]{chapter.4}{\376\377\0004\000\040\000A\000d\000S\000/\000C\000F\000T\133\371\120\166}{part.1}% 6
\BOOKMARK [1][-]{section.4.1}{\376\377\0004\000.\0001\000\040\131\047\000N\147\201\226\120}{chapter.4}% 7
\BOOKMARK [2][-]{subsection.4.1.1}{\376\377\0004\000.\0001\000.\0001\000\040\131\015\116\140\211\304\203\003\127\072}{section.4.1}% 8
\BOOKMARK [2][-]{subsection.4.1.2}{\376\377\0004\000.\0001\000.\0002\000\040\131\047\000N\147\201\226\120\116\013\166\204\000Y\000a\000n\000g\000-\000M\000i\000l\000l\000s\164\006\213\272}{section.4.1}% 9
\BOOKMARK [2][-]{subsection.4.1.3}{\376\377\0004\000.\0001\000.\0003\000\040\131\047\000N\147\201\226\120\221\317\133\120\202\162\122\250\122\233\133\146}{section.4.1}% 10
\BOOKMARK [0][-]{chapter.5}{\376\377\0005\000\040\215\205\133\371\171\360}{part.1}% 11
\BOOKMARK [1][-]{section.5.1}{\376\377\0005\000.\0001\000\040\150\007\121\306\152\041\127\213}{chapter.5}% 12
\BOOKMARK [2][-]{subsection.5.1.1}{\376\377\0005\000.\0001\000.\0001\000\040\150\007\121\306\152\041\127\213\142\311\154\017\221\317}{section.5.1}% 13
\BOOKMARK [2][-]{subsection.5.1.2}{\376\377\0005\000.\0001\000.\0002\000\040\116\072\116\300\116\110\227\000\211\201\215\205\133\371\171\360\377\037}{section.5.1}% 14
\BOOKMARK [1][-]{section.5.2}{\376\377\0005\000.\0002\000\040\215\205\000P\000o\000i\000n\000c\000a\000r\000\351\116\343\145\160\116\016\215\205\172\172\225\364}{chapter.5}% 15
\BOOKMARK [1][-]{section.5.3}{\376\377\0005\000.\0003\000\040\000W\000e\000s\000s\000-\000Z\000u\000m\000i\000n\000o\152\041\127\213}{chapter.5}% 16
\BOOKMARK [-1][-]{part.2}{\376\377\116\214\000\040\145\160\133\146}{}% 17
\BOOKMARK [0][-]{chapter.6}{\376\377\0006\000\040\000p\000-\000a\000d\000i\000c}{part.2}% 18
\BOOKMARK [0][-]{chapter.7}{\376\377\0007\000\040\221\317\133\120\122\233\133\146\116\016\000M\000o\000r\000s\000e\164\006\213\272}{part.2}% 19
\BOOKMARK [1][-]{section.7.1}{\376\377\0007\000.\0001\000\040\221\317\133\120\122\233\133\146\127\372\170\100}{chapter.7}% 20
\BOOKMARK [2][-]{subsection.7.1.1}{\376\377\0007\000.\0001\000.\0001\000\040\000W\000y\000l\000e\173\227\173\046}{section.7.1}% 21
\BOOKMARK [2][-]{subsection.7.1.2}{\376\377\0007\000.\0001\000.\0002\000\040\116\000\176\364\145\143\134\004\225\356\230\230}{section.7.1}% 22
\BOOKMARK [-1][-]{part.3}{\376\377\116\011\000\040\226\104\137\125}{}% 23
\BOOKMARK [0][-]{appendix.A}{\376\377\000A\000\040\162\151\164\006\165\221\226\276\147\102\165\307}{part.3}% 24
\BOOKMARK [1][-]{section.A.1}{\376\377\000A\000.\0001\000\040\167\037\172\172\140\001\116\016\176\330\146\157}{appendix.A}% 25
\BOOKMARK [1][-]{section.A.2}{\376\377\000A\000.\0002\000\040\217\164\133\120\124\214\117\070\177\051\133\120}{appendix.A}% 26
\BOOKMARK [2][-]{subsection.A.2.1}{\376\377\000A\000.\0002\000.\0001\000\040\217\164\133\120\000\050\000A\000x\000i\000o\000n\000\051}{section.A.2}% 27
\BOOKMARK [2][-]{subsection.A.2.2}{\376\377\000A\000.\0002\000.\0002\000\040\217\164\133\120\165\065\122\250\122\233\133\146}{section.A.2}% 28
\BOOKMARK [2][-]{subsection.A.2.3}{\376\377\000A\000.\0002\000.\0003\000\040\117\070\177\051\133\120\000\050\000D\000i\000l\000a\000t\000o\000n\000\051}{section.A.2}% 29
\BOOKMARK [1][-]{section.A.3}{\376\377\000A\000.\0003\000\040\215\071\146\374\211\304\122\031}{appendix.A}% 30
\BOOKMARK [2][-]{subsection.A.3.1}{\376\377\000A\000.\0003\000.\0001\000\040\150\007\221\317\127\072\124\214\167\342\221\317\127\072}{section.A.3}% 31
\BOOKMARK [2][-]{subsection.A.3.2}{\376\377\000A\000.\0003\000.\0002\000\040\000D\000i\000r\000a\000c\124\214\000M\000a\000j\000o\000r\000a\000n\000a\215\071\174\163\133\120}{section.A.3}% 32
\BOOKMARK [2][-]{subsection.A.3.3}{\376\377\000A\000.\0003\000.\0003\000\040\142\311\154\017\221\317\230\166\160\271\230\171\116\055\124\053\147\011\120\117\133\374\145\160}{section.A.3}% 33
\BOOKMARK [0][-]{appendix.B}{\376\377\000B\000\040\145\160\133\146\165\221\226\276\147\102\165\307}{part.3}% 34
\BOOKMARK [1][-]{section.B.1}{\376\377\000B\000.\0001\000\040\166\364\171\357\137\040\221\317\171\357\166\364\124\214}{appendix.B}% 35
\BOOKMARK [1][-]{section.B.2}{\376\377\000B\000.\0002\000\040\000G\000r\000a\000s\000s\000m\000a\000n\000n\121\340\117\125}{appendix.B}% 36
\BOOKMARK [2][-]{subsection.B.2.1}{\376\377\000B\000.\0002\000.\0001\000\040\131\026\116\343\145\160}{section.B.2}% 37
\BOOKMARK [1][-]{section.B.3}{\376\377\000B\000.\0003\000\040\147\116\215\205\116\343\145\160}{appendix.B}% 38
\BOOKMARK [1][-]{section.B.4}{\376\377\000B\000.\0004\000\040\122\007\167\342\377\014\137\256\122\006\377\014\133\120\155\101\137\142\124\214\000F\000r\000o\000b\000e\000n\000i\000u\000s\133\232\164\006}{appendix.B}% 39
\BOOKMARK [2][-]{subsection.B.4.1}{\376\377\000B\000.\0004\000.\0001\000\040\122\007\167\342\124\214\137\256\122\006}{section.B.4}% 40
\BOOKMARK [1][-]{section.B.5}{\376\377\000B\000.\0005\000\040\116\055\137\303\147\201\226\120\133\232\164\006\116\016\226\217\147\072\167\351\226\065\152\041\127\213}{appendix.B}% 41
\BOOKMARK [2][-]{subsection.B.5.1}{\376\377\000B\000.\0005\000.\0001\000\040\116\000\116\233\121\163\116\216\151\202\163\207\213\272\166\204\136\070\213\306}{section.B.5}% 42
\BOOKMARK [2][-]{subsection.B.5.2}{\376\377\000B\000.\0005\000.\0002\000\040\0000\000+\0000\176\364\000Q\000F\000T}{section.B.5}% 43
\BOOKMARK [2][-]{subsection.B.5.3}{\376\377\000B\000.\0005\000.\0003\000\040\142\100\116\345\116\300\116\110\146\057\153\143\176\337\166\204\215\071\146\374\126\376\377\037}{section.B.5}% 44
\BOOKMARK [2][-]{subsection.B.5.4}{\376\377\000B\000.\0005\000.\0004\000\040\226\217\147\072\167\351\226\065\152\041\127\213}{section.B.5}% 45
\BOOKMARK [2][-]{subsection.B.5.5}{\376\377\000B\000.\0005\000.\0005\000\040\142\064\150\356\154\024\117\123}{section.B.5}% 46
\BOOKMARK [1][-]{section.B.6}{\376\377\000B\000.\0006\000\040\131\015\123\340\172\172\225\364}{appendix.B}% 47
\BOOKMARK [2][-]{subsection.B.6.1}{\376\377\000B\000.\0006\000.\0001\000\040\000E\000r\000l\000a\000n\000g\000e\000n\176\262\230\206}{section.B.6}% 48
\BOOKMARK [1][-]{section.B.7}{\376\377\000B\000.\0007\000\040\176\244\176\364\116\033\124\214\211\304\203\003\127\072}{appendix.B}% 49
\BOOKMARK [1][-]{section.B.8}{\376\377\000B\000.\0008\000\040\000S\000O\000\050\000N\000\051\145\313\221\317\210\150\171\072}{appendix.B}% 50
\BOOKMARK [0][-]{appendix*.3}{\376\377\123\302\200\003\145\207\163\056}{part.3}% 51
