\BOOKMARK [0][-]{chapter*.2}{\376\377\133\374\212\000}{}% 1
\BOOKMARK [-1][-]{part.1}{\376\377\116\000\000\040\155\113\213\325}{}% 2
\BOOKMARK [0][-]{chapter.1}{\376\377\0001\000\040\124\004\171\315\155\113\213\325}{part.1}% 3
\BOOKMARK [1][-]{section.1.1}{\376\377\0001\000.\0001\000\040\202\202\000\040\000\050\000s\000e\000c\000t\000i\000o\000n\000\051}{chapter.1}% 4
\BOOKMARK [1][-]{section.1.2}{\376\377\0001\000.\0002\000\040\145\207\133\127\155\113\213\325}{chapter.1}% 5
\BOOKMARK [2][-]{subsection.1.2.1}{\376\377\0001\000.\0002\000.\0001\000\040\133\120\202\202\000\040\000\050\000s\000u\000b\000s\000e\000c\000t\000i\000o\000n\000\051}{section.1.2}% 6
\BOOKMARK [1][-]{section.1.3}{\376\377\0001\000.\0003\000\040\133\127\117\123\124\214\131\047\134\017}{chapter.1}% 7
\BOOKMARK [1][-]{section.1.4}{\376\377\0001\000.\0004\000\040\126\376\162\107}{chapter.1}% 8
\BOOKMARK [1][-]{section.1.5}{\376\377\0001\000.\0005\000\040\155\367\143\222\121\154\137\017\000\040\000e\000x\000p\000\040\000i\000t\000h\000e\000t\000a\000\040\000=\000\040\000c\000o\000s\000\040\000t\000h\000e\000t\000a\000\040\000+\000\040\000i\000s\000i\000n\000\040\000t\000h\000e\000t\000a}{chapter.1}% 9
\BOOKMARK [1][-]{section.1.5}{\376\377\116\140\230\230}{chapter.1}% 10
\BOOKMARK [-1][-]{part.2}{\376\377\116\214\000\040\146\364\131\032\155\113\213\325}{}% 11
\BOOKMARK [0][-]{chapter.2}{\376\377\0002\000\040\167\355\172\340\124\015}{part.2}% 12
\BOOKMARK [1][-]{section.2.1}{\376\377\0002\000.\0001\000\040\225\177\136\246\153\143\136\070\166\204\202\202\124\015}{chapter.2}% 13
\BOOKMARK [1][-]{section.2.2}{\376\377\0002\000.\0002\000\040\167\355\202\202\124\015}{chapter.2}% 14
\BOOKMARK [1][-]{figure.2.1}{\376\377\116\140\230\230}{chapter.2}% 15
\BOOKMARK [0][-]{appendix.A}{\376\377\000A\000\040\147\102\230\171\000\040\000a\000+\000b}{part.2}% 16
\BOOKMARK [1][-]{section.A.1}{\376\377\000A\000.\0001\000\040\145\207\133\127\155\113\213\325}{appendix.A}% 17
\BOOKMARK [1][-]{section.A.2}{\376\377\000A\000.\0002\000\040\155\113\213\325\000:\000\040\000B\000n\000X}{appendix.A}% 18
\BOOKMARK [2][-]{subsection.A.2.1}{\376\377\000A\000.\0002\000.\0001\000\040\116\000\137\040\210\150\150\074}{section.A.2}% 19
\BOOKMARK [0][-]{section*.5}{\376\377\126\376\162\107\175\042\137\025}{part.2}% 20
\BOOKMARK [0][-]{section*.7}{\376\377\210\150\150\074\175\042\137\025}{part.2}% 21
